0 silly argv {
0 silly argv   _: [ 'bootstrap' ],
0 silly argv   lernaVersion: '5.4.3',
0 silly argv   '$0': '/Users/tong/workFile/demo/hipo-sdk-lerna/node_modules/.bin/lerna'
0 silly argv }
1 notice cli v5.4.3
2 verbose rootPath /Users/tong/workFile/demo/hipo-sdk-lerna
3 info versioning independent
4 error JSONError: Unexpected token "}" (0x7D) in JSON at position 719 while parsing near "...vider\": \"^1.2.0\",\n  },\n  \"peerDependenci..." in packages/hipo-wallet/package.json
4 error
4 error [0m [90m 29 |[39m     [32m"@web3-react/walletconnect"[39m[33m:[39m [32m"8.0.35-beta.0"[39m[33m,[39m[0m
4 error [0m [90m 30 |[39m     [32m"@metamask/detect-provider"[39m[33m:[39m [32m"^1.2.0"[39m[33m,[39m[0m
4 error [0m[31m[1m>[22m[39m[90m 31 |[39m   }[33m,[39m[0m
4 error [0m [90m    |[39m   [31m[1m^[22m[39m[0m
4 error [0m [90m 32 |[39m   [32m"peerDependencies"[39m[33m:[39m {[0m
4 error [0m [90m 33 |[39m     [32m"react"[39m[33m:[39m [32m">=16.8"[39m[0m
4 error [0m [90m 34 |[39m   }[0m
4 error
4 error     at parseJson (/Users/tong/workFile/demo/hipo-sdk-lerna/node_modules/parse-json/index.js:29:21)
4 error     at parse (/Users/tong/workFile/demo/hipo-sdk-lerna/node_modules/load-json-file/index.js:15:9)
4 error     at module.exports (/Users/tong/workFile/demo/hipo-sdk-lerna/node_modules/load-json-file/index.js:18:47)
